[debug] [2024-06-26T05:49:17.512Z] ----------------------------------------------------------------------
[debug] [2024-06-26T05:49:17.515Z] Command:       C:\Program Files\nodejs\node.exe C:\Users\prash\AppData\Roaming\npm\node_modules\firebase-tools\lib\bin\firebase.js init
[debug] [2024-06-26T05:49:17.515Z] CLI Version:   13.11.4
[debug] [2024-06-26T05:49:17.515Z] Platform:      win32
[debug] [2024-06-26T05:49:17.515Z] Node Version:  v21.6.2
[debug] [2024-06-26T05:49:17.516Z] Time:          Wed Jun 26 2024 11:19:17 GMT+0530 (India Standard Time)
[debug] [2024-06-26T05:49:17.516Z] ----------------------------------------------------------------------
[debug] 
[debug] [2024-06-26T05:49:17.526Z] > command requires scopes: ["email","openid","https://www.googleapis.com/auth/cloudplatformprojects.readonly","https://www.googleapis.com/auth/firebase","https://www.googleapis.com/auth/cloud-platform"]
[debug] [2024-06-26T05:49:17.526Z] > authorizing via signed-in user (prashanthinallapu2002@gmail.com)
[info] 
     ######## #### ########  ######## ########     ###     ######  ########
     ##        ##  ##     ## ##       ##     ##  ##   ##  ##       ##
     ######    ##  ########  ######   ########  #########  ######  ######
     ##        ##  ##    ##  ##       ##     ## ##     ##       ## ##
     ##       #### ##     ## ######## ########  ##     ##  ######  ########

You're about to initialize a Firebase project in this directory:

  C:\project\my-app

Before we get started, keep in mind:

  * You are currently outside your home directory

